<?xml version="1.0" encoding="UTF-8"?>
<!-- Generated by org.testng.reporters.JUnitReportReporter -->
<testsuite hostname="LAPTOP-A6FABMK9" failures="0" tests="4" name="org.runner.com.TestRunner" time="431.944" errors="0" timestamp="2022-06-24T14:47:40 IST" skipped="0">
  <testcase classname="org.runner.com.TestRunner" name="runScenario" time="107.354"/>
  <system-out>
    <![CDATA[Pass]]>
  </system-out>
  <testcase classname="org.runner.com.TestRunner" name="runScenario" time="104.758"/>
  <system-out>
    <![CDATA[pass]]>
  </system-out>
  <testcase classname="org.runner.com.TestRunner" name="runScenario" time="114.077"/>
  <system-out>
    <![CDATA[Pass]]>
  </system-out>
  <testcase classname="org.runner.com.TestRunner" name="runScenario" time="105.755"/>
  <system-out>
    <![CDATA[Pass]]>
  </system-out>
</testsuite> <!-- org.runner.com.TestRunner -->
