<?xml version="1.0" encoding="UTF-8"?>
<!-- Generated by org.testng.reporters.JUnitReportReporter -->
<testsuite hostname="LAPTOP-A6FABMK9" failures="0" tests="1" name="runner.TestRunner" time="97.118" errors="0" timestamp="2022-06-19T12:59:25 IST" skipped="0">
  <testcase classname="runner.TestRunner" name="runScenario" time="97.118"/>
  <system-out>
    <![CDATA[Fail]]>
  </system-out>
</testsuite> <!-- runner.TestRunner -->
